2015-11-29 16:50:31 [::1][-][-][error][yii\web\HttpException:404] exception 'yii\web\NotFoundHttpException' with message 'Page not found.' in C:\xampp\htdocs\grupo3php\vendor\yiisoft\yii2\web\Request.php:190
Stack trace:
#0 C:\xampp\htdocs\grupo3php\vendor\yiisoft\yii2\web\Application.php(75): yii\web\Request->resolve()
#1 C:\xampp\htdocs\grupo3php\vendor\yiisoft\yii2\base\Application.php(375): yii\web\Application->handleRequest(Object(yii\web\Request))
#2 C:\xampp\htdocs\grupo3php\api\index.php(18): yii\base\Application->run()
#3 {main}
2015-11-29 16:50:31 [::1][-][-][info][application] $_COOKIE = [
    '_csrf' => '910fb35e0356312cb474097c0dc874e6cc0bd3930b2ba1b41b6203046cdab459a:2:{i:0;s:5:\"_csrf\";i:1;s:32:\"QLOAWheNJ8NIgeYp6L5k9lyTs-hiBMDl\";}'
    'PHPSESSID' => 'l9ii97bqvbml408la459104n01'
]

$_SERVER = [
    'REDIRECT_MIBDIRS' => 'C:/xampp/php/extras/mibs'
    'REDIRECT_MYSQL_HOME' => '\\xampp\\mysql\\bin'
    'REDIRECT_OPENSSL_CONF' => 'C:/xampp/apache/bin/openssl.cnf'
    'REDIRECT_PHP_PEAR_SYSCONF_DIR' => '\\xampp\\php'
    'REDIRECT_PHPRC' => '\\xampp\\php'
    'REDIRECT_TMP' => '\\xampp\\tmp'
    'REDIRECT_STATUS' => '200'
    'MIBDIRS' => 'C:/xampp/php/extras/mibs'
    'MYSQL_HOME' => '\\xampp\\mysql\\bin'
    'OPENSSL_CONF' => 'C:/xampp/apache/bin/openssl.cnf'
    'PHP_PEAR_SYSCONF_DIR' => '\\xampp\\php'
    'PHPRC' => '\\xampp\\php'
    'TMP' => '\\xampp\\tmp'
    'HTTP_HOST' => 'localhost'
    'HTTP_CONNECTION' => 'keep-alive'
    'HTTP_ACCEPT' => 'text/html,application/xhtml+xml,application/xml;q=0.9,image/webp,*/*;q=0.8'
    'HTTP_UPGRADE_INSECURE_REQUESTS' => '1'
    'HTTP_USER_AGENT' => 'Mozilla/5.0 (Windows NT 6.1; WOW64) AppleWebKit/537.36 (KHTML, like Gecko) Chrome/46.0.2490.86 Safari/537.36'
    'HTTP_ACCEPT_ENCODING' => 'gzip, deflate, sdch'
    'HTTP_ACCEPT_LANGUAGE' => 'es-ES,es;q=0.8'
    'HTTP_COOKIE' => '_csrf=910fb35e0356312cb474097c0dc874e6cc0bd3930b2ba1b41b6203046cdab459a%3A2%3A%7Bi%3A0%3Bs%3A5%3A%22_csrf%22%3Bi%3A1%3Bs%3A32%3A%22QLOAWheNJ8NIgeYp6L5k9lyTs-hiBMDl%22%3B%7D; PHPSESSID=l9ii97bqvbml408la459104n01'
    'PATH' => 'C:\\Program Files (x86)\\NVIDIA Corporation\\PhysX\\Common;C:\\Program Files (x86)\\AMD APP\\bin\\x86_64;C:\\Program Files (x86)\\AMD APP\\bin\\x86;C:\\Program Files\\Common Files\\Microsoft Shared\\Windows Live;C:\\ProgramData\\Oracle\\Java\\javapath;C:\\Windows\\system32;C:\\Windows;C:\\Windows\\System32\\Wbem;C:\\Windows\\System32\\WindowsPowerShell\\v1.0\\;C:\\Program Files (x86)\\ATI Technologies\\ATI.ACE\\Core-Static;C:\\Program Files (x86)\\Common Files\\Autodesk Shared\\;C:\\Program Files (x86)\\Skype\\Phone\\;C:\\Program Files\\Git\\cmd;C:\\xampp\\php;C:\\ProgramData\\ComposerSetup\\bin;C:\\Ruby193\\bin;C:\\Program Files\\Common Files\\Microsoft Shared\\Windows Live'
    'SystemRoot' => 'C:\\Windows'
    'COMSPEC' => 'C:\\Windows\\system32\\cmd.exe'
    'PATHEXT' => '.COM;.EXE;.BAT;.CMD;.VBS;.VBE;.JS;.JSE;.WSF;.WSH;.MSC'
    'WINDIR' => 'C:\\Windows'
    'SERVER_SIGNATURE' => '<address>Apache/2.4.16 (Win32) OpenSSL/1.0.1p PHP/5.6.12 Server at localhost Port 80</address>
'
    'SERVER_SOFTWARE' => 'Apache/2.4.16 (Win32) OpenSSL/1.0.1p PHP/5.6.12'
    'SERVER_NAME' => 'localhost'
    'SERVER_ADDR' => '::1'
    'SERVER_PORT' => '80'
    'REMOTE_ADDR' => '::1'
    'DOCUMENT_ROOT' => 'C:/xampp/htdocs'
    'REQUEST_SCHEME' => 'http'
    'CONTEXT_PREFIX' => ''
    'CONTEXT_DOCUMENT_ROOT' => 'C:/xampp/htdocs'
    'SERVER_ADMIN' => 'postmaster@localhost'
    'SCRIPT_FILENAME' => 'C:/xampp/htdocs/grupo3php/api/index.php'
    'REMOTE_PORT' => '50524'
    'REDIRECT_URL' => '/grupo3php/api/v1/user'
    'GATEWAY_INTERFACE' => 'CGI/1.1'
    'SERVER_PROTOCOL' => 'HTTP/1.1'
    'REQUEST_METHOD' => 'GET'
    'QUERY_STRING' => ''
    'REQUEST_URI' => '/grupo3php/api/v1/user'
    'SCRIPT_NAME' => '/grupo3php/api/index.php'
    'PHP_SELF' => '/grupo3php/api/index.php'
    'REQUEST_TIME_FLOAT' => 1448812231.757
    'REQUEST_TIME' => 1448812231
]
2015-11-29 16:50:34 [::1][-][-][error][yii\web\HttpException:404] exception 'yii\web\NotFoundHttpException' with message 'Page not found.' in C:\xampp\htdocs\grupo3php\vendor\yiisoft\yii2\web\Request.php:190
Stack trace:
#0 C:\xampp\htdocs\grupo3php\vendor\yiisoft\yii2\web\Application.php(75): yii\web\Request->resolve()
#1 C:\xampp\htdocs\grupo3php\vendor\yiisoft\yii2\base\Application.php(375): yii\web\Application->handleRequest(Object(yii\web\Request))
#2 C:\xampp\htdocs\grupo3php\api\index.php(18): yii\base\Application->run()
#3 {main}
2015-11-29 16:50:34 [::1][-][-][info][application] $_COOKIE = [
    '_csrf' => '910fb35e0356312cb474097c0dc874e6cc0bd3930b2ba1b41b6203046cdab459a:2:{i:0;s:5:\"_csrf\";i:1;s:32:\"QLOAWheNJ8NIgeYp6L5k9lyTs-hiBMDl\";}'
    'PHPSESSID' => 'l9ii97bqvbml408la459104n01'
]

$_SERVER = [
    'REDIRECT_MIBDIRS' => 'C:/xampp/php/extras/mibs'
    'REDIRECT_MYSQL_HOME' => '\\xampp\\mysql\\bin'
    'REDIRECT_OPENSSL_CONF' => 'C:/xampp/apache/bin/openssl.cnf'
    'REDIRECT_PHP_PEAR_SYSCONF_DIR' => '\\xampp\\php'
    'REDIRECT_PHPRC' => '\\xampp\\php'
    'REDIRECT_TMP' => '\\xampp\\tmp'
    'REDIRECT_STATUS' => '200'
    'MIBDIRS' => 'C:/xampp/php/extras/mibs'
    'MYSQL_HOME' => '\\xampp\\mysql\\bin'
    'OPENSSL_CONF' => 'C:/xampp/apache/bin/openssl.cnf'
    'PHP_PEAR_SYSCONF_DIR' => '\\xampp\\php'
    'PHPRC' => '\\xampp\\php'
    'TMP' => '\\xampp\\tmp'
    'HTTP_HOST' => 'localhost'
    'HTTP_CONNECTION' => 'keep-alive'
    'HTTP_ACCEPT' => 'text/html,application/xhtml+xml,application/xml;q=0.9,image/webp,*/*;q=0.8'
    'HTTP_UPGRADE_INSECURE_REQUESTS' => '1'
    'HTTP_USER_AGENT' => 'Mozilla/5.0 (Windows NT 6.1; WOW64) AppleWebKit/537.36 (KHTML, like Gecko) Chrome/46.0.2490.86 Safari/537.36'
    'HTTP_ACCEPT_ENCODING' => 'gzip, deflate, sdch'
    'HTTP_ACCEPT_LANGUAGE' => 'es-ES,es;q=0.8'
    'HTTP_COOKIE' => '_csrf=910fb35e0356312cb474097c0dc874e6cc0bd3930b2ba1b41b6203046cdab459a%3A2%3A%7Bi%3A0%3Bs%3A5%3A%22_csrf%22%3Bi%3A1%3Bs%3A32%3A%22QLOAWheNJ8NIgeYp6L5k9lyTs-hiBMDl%22%3B%7D; PHPSESSID=l9ii97bqvbml408la459104n01'
    'PATH' => 'C:\\Program Files (x86)\\NVIDIA Corporation\\PhysX\\Common;C:\\Program Files (x86)\\AMD APP\\bin\\x86_64;C:\\Program Files (x86)\\AMD APP\\bin\\x86;C:\\Program Files\\Common Files\\Microsoft Shared\\Windows Live;C:\\ProgramData\\Oracle\\Java\\javapath;C:\\Windows\\system32;C:\\Windows;C:\\Windows\\System32\\Wbem;C:\\Windows\\System32\\WindowsPowerShell\\v1.0\\;C:\\Program Files (x86)\\ATI Technologies\\ATI.ACE\\Core-Static;C:\\Program Files (x86)\\Common Files\\Autodesk Shared\\;C:\\Program Files (x86)\\Skype\\Phone\\;C:\\Program Files\\Git\\cmd;C:\\xampp\\php;C:\\ProgramData\\ComposerSetup\\bin;C:\\Ruby193\\bin;C:\\Program Files\\Common Files\\Microsoft Shared\\Windows Live'
    'SystemRoot' => 'C:\\Windows'
    'COMSPEC' => 'C:\\Windows\\system32\\cmd.exe'
    'PATHEXT' => '.COM;.EXE;.BAT;.CMD;.VBS;.VBE;.JS;.JSE;.WSF;.WSH;.MSC'
    'WINDIR' => 'C:\\Windows'
    'SERVER_SIGNATURE' => '<address>Apache/2.4.16 (Win32) OpenSSL/1.0.1p PHP/5.6.12 Server at localhost Port 80</address>
'
    'SERVER_SOFTWARE' => 'Apache/2.4.16 (Win32) OpenSSL/1.0.1p PHP/5.6.12'
    'SERVER_NAME' => 'localhost'
    'SERVER_ADDR' => '::1'
    'SERVER_PORT' => '80'
    'REMOTE_ADDR' => '::1'
    'DOCUMENT_ROOT' => 'C:/xampp/htdocs'
    'REQUEST_SCHEME' => 'http'
    'CONTEXT_PREFIX' => ''
    'CONTEXT_DOCUMENT_ROOT' => 'C:/xampp/htdocs'
    'SERVER_ADMIN' => 'postmaster@localhost'
    'SCRIPT_FILENAME' => 'C:/xampp/htdocs/grupo3php/api/index.php'
    'REMOTE_PORT' => '50524'
    'REDIRECT_URL' => '/grupo3php/api/v1/users'
    'GATEWAY_INTERFACE' => 'CGI/1.1'
    'SERVER_PROTOCOL' => 'HTTP/1.1'
    'REQUEST_METHOD' => 'GET'
    'QUERY_STRING' => ''
    'REQUEST_URI' => '/grupo3php/api/v1/users'
    'SCRIPT_NAME' => '/grupo3php/api/index.php'
    'PHP_SELF' => '/grupo3php/api/index.php'
    'REQUEST_TIME_FLOAT' => 1448812234.172
    'REQUEST_TIME' => 1448812234
]
2015-11-29 16:52:20 [::1][-][-][error][yii\web\HttpException:404] exception 'yii\web\NotFoundHttpException' with message 'Page not found.' in C:\xampp\htdocs\grupo3php\vendor\yiisoft\yii2\web\Request.php:190
Stack trace:
#0 C:\xampp\htdocs\grupo3php\vendor\yiisoft\yii2\web\Application.php(75): yii\web\Request->resolve()
#1 C:\xampp\htdocs\grupo3php\vendor\yiisoft\yii2\base\Application.php(375): yii\web\Application->handleRequest(Object(yii\web\Request))
#2 C:\xampp\htdocs\grupo3php\api\index.php(18): yii\base\Application->run()
#3 {main}
2015-11-29 16:52:20 [::1][-][-][info][application] $_COOKIE = [
    '_csrf' => '910fb35e0356312cb474097c0dc874e6cc0bd3930b2ba1b41b6203046cdab459a:2:{i:0;s:5:\"_csrf\";i:1;s:32:\"QLOAWheNJ8NIgeYp6L5k9lyTs-hiBMDl\";}'
    'PHPSESSID' => 'l9ii97bqvbml408la459104n01'
]

$_SERVER = [
    'REDIRECT_MIBDIRS' => 'C:/xampp/php/extras/mibs'
    'REDIRECT_MYSQL_HOME' => '\\xampp\\mysql\\bin'
    'REDIRECT_OPENSSL_CONF' => 'C:/xampp/apache/bin/openssl.cnf'
    'REDIRECT_PHP_PEAR_SYSCONF_DIR' => '\\xampp\\php'
    'REDIRECT_PHPRC' => '\\xampp\\php'
    'REDIRECT_TMP' => '\\xampp\\tmp'
    'REDIRECT_STATUS' => '200'
    'MIBDIRS' => 'C:/xampp/php/extras/mibs'
    'MYSQL_HOME' => '\\xampp\\mysql\\bin'
    'OPENSSL_CONF' => 'C:/xampp/apache/bin/openssl.cnf'
    'PHP_PEAR_SYSCONF_DIR' => '\\xampp\\php'
    'PHPRC' => '\\xampp\\php'
    'TMP' => '\\xampp\\tmp'
    'HTTP_HOST' => 'localhost'
    'HTTP_CONNECTION' => 'keep-alive'
    'HTTP_CACHE_CONTROL' => 'max-age=0'
    'HTTP_ACCEPT' => 'text/html,application/xhtml+xml,application/xml;q=0.9,image/webp,*/*;q=0.8'
    'HTTP_UPGRADE_INSECURE_REQUESTS' => '1'
    'HTTP_USER_AGENT' => 'Mozilla/5.0 (Windows NT 6.1; WOW64) AppleWebKit/537.36 (KHTML, like Gecko) Chrome/46.0.2490.86 Safari/537.36'
    'HTTP_ACCEPT_ENCODING' => 'gzip, deflate, sdch'
    'HTTP_ACCEPT_LANGUAGE' => 'es-ES,es;q=0.8'
    'HTTP_COOKIE' => '_csrf=910fb35e0356312cb474097c0dc874e6cc0bd3930b2ba1b41b6203046cdab459a%3A2%3A%7Bi%3A0%3Bs%3A5%3A%22_csrf%22%3Bi%3A1%3Bs%3A32%3A%22QLOAWheNJ8NIgeYp6L5k9lyTs-hiBMDl%22%3B%7D; PHPSESSID=l9ii97bqvbml408la459104n01'
    'PATH' => 'C:\\Program Files (x86)\\NVIDIA Corporation\\PhysX\\Common;C:\\Program Files (x86)\\AMD APP\\bin\\x86_64;C:\\Program Files (x86)\\AMD APP\\bin\\x86;C:\\Program Files\\Common Files\\Microsoft Shared\\Windows Live;C:\\ProgramData\\Oracle\\Java\\javapath;C:\\Windows\\system32;C:\\Windows;C:\\Windows\\System32\\Wbem;C:\\Windows\\System32\\WindowsPowerShell\\v1.0\\;C:\\Program Files (x86)\\ATI Technologies\\ATI.ACE\\Core-Static;C:\\Program Files (x86)\\Common Files\\Autodesk Shared\\;C:\\Program Files (x86)\\Skype\\Phone\\;C:\\Program Files\\Git\\cmd;C:\\xampp\\php;C:\\ProgramData\\ComposerSetup\\bin;C:\\Ruby193\\bin;C:\\Program Files\\Common Files\\Microsoft Shared\\Windows Live'
    'SystemRoot' => 'C:\\Windows'
    'COMSPEC' => 'C:\\Windows\\system32\\cmd.exe'
    'PATHEXT' => '.COM;.EXE;.BAT;.CMD;.VBS;.VBE;.JS;.JSE;.WSF;.WSH;.MSC'
    'WINDIR' => 'C:\\Windows'
    'SERVER_SIGNATURE' => '<address>Apache/2.4.16 (Win32) OpenSSL/1.0.1p PHP/5.6.12 Server at localhost Port 80</address>
'
    'SERVER_SOFTWARE' => 'Apache/2.4.16 (Win32) OpenSSL/1.0.1p PHP/5.6.12'
    'SERVER_NAME' => 'localhost'
    'SERVER_ADDR' => '::1'
    'SERVER_PORT' => '80'
    'REMOTE_ADDR' => '::1'
    'DOCUMENT_ROOT' => 'C:/xampp/htdocs'
    'REQUEST_SCHEME' => 'http'
    'CONTEXT_PREFIX' => ''
    'CONTEXT_DOCUMENT_ROOT' => 'C:/xampp/htdocs'
    'SERVER_ADMIN' => 'postmaster@localhost'
    'SCRIPT_FILENAME' => 'C:/xampp/htdocs/grupo3php/api/index.php'
    'REMOTE_PORT' => '50530'
    'REDIRECT_URL' => '/grupo3php/api/v1/users'
    'GATEWAY_INTERFACE' => 'CGI/1.1'
    'SERVER_PROTOCOL' => 'HTTP/1.1'
    'REQUEST_METHOD' => 'GET'
    'QUERY_STRING' => ''
    'REQUEST_URI' => '/grupo3php/api/v1/users'
    'SCRIPT_NAME' => '/grupo3php/api/index.php'
    'PHP_SELF' => '/grupo3php/api/index.php'
    'REQUEST_TIME_FLOAT' => 1448812340.543
    'REQUEST_TIME' => 1448812340
]
2015-11-29 16:55:24 [::1][-][-][error][yii\web\HttpException:404] exception 'yii\web\NotFoundHttpException' with message 'Page not found.' in C:\xampp\htdocs\grupo3php\vendor\yiisoft\yii2\web\Request.php:190
Stack trace:
#0 C:\xampp\htdocs\grupo3php\vendor\yiisoft\yii2\web\Application.php(75): yii\web\Request->resolve()
#1 C:\xampp\htdocs\grupo3php\vendor\yiisoft\yii2\base\Application.php(375): yii\web\Application->handleRequest(Object(yii\web\Request))
#2 C:\xampp\htdocs\grupo3php\api\index.php(18): yii\base\Application->run()
#3 {main}
2015-11-29 16:55:24 [::1][-][-][info][application] $_COOKIE = [
    '_csrf' => '910fb35e0356312cb474097c0dc874e6cc0bd3930b2ba1b41b6203046cdab459a:2:{i:0;s:5:\"_csrf\";i:1;s:32:\"QLOAWheNJ8NIgeYp6L5k9lyTs-hiBMDl\";}'
    'PHPSESSID' => 'l9ii97bqvbml408la459104n01'
]

$_SERVER = [
    'REDIRECT_MIBDIRS' => 'C:/xampp/php/extras/mibs'
    'REDIRECT_MYSQL_HOME' => '\\xampp\\mysql\\bin'
    'REDIRECT_OPENSSL_CONF' => 'C:/xampp/apache/bin/openssl.cnf'
    'REDIRECT_PHP_PEAR_SYSCONF_DIR' => '\\xampp\\php'
    'REDIRECT_PHPRC' => '\\xampp\\php'
    'REDIRECT_TMP' => '\\xampp\\tmp'
    'REDIRECT_STATUS' => '200'
    'MIBDIRS' => 'C:/xampp/php/extras/mibs'
    'MYSQL_HOME' => '\\xampp\\mysql\\bin'
    'OPENSSL_CONF' => 'C:/xampp/apache/bin/openssl.cnf'
    'PHP_PEAR_SYSCONF_DIR' => '\\xampp\\php'
    'PHPRC' => '\\xampp\\php'
    'TMP' => '\\xampp\\tmp'
    'HTTP_HOST' => 'localhost'
    'HTTP_CONNECTION' => 'keep-alive'
    'HTTP_CACHE_CONTROL' => 'max-age=0'
    'HTTP_ACCEPT' => 'text/html,application/xhtml+xml,application/xml;q=0.9,image/webp,*/*;q=0.8'
    'HTTP_UPGRADE_INSECURE_REQUESTS' => '1'
    'HTTP_USER_AGENT' => 'Mozilla/5.0 (Windows NT 6.1; WOW64) AppleWebKit/537.36 (KHTML, like Gecko) Chrome/46.0.2490.86 Safari/537.36'
    'HTTP_ACCEPT_ENCODING' => 'gzip, deflate, sdch'
    'HTTP_ACCEPT_LANGUAGE' => 'es-ES,es;q=0.8'
    'HTTP_COOKIE' => '_csrf=910fb35e0356312cb474097c0dc874e6cc0bd3930b2ba1b41b6203046cdab459a%3A2%3A%7Bi%3A0%3Bs%3A5%3A%22_csrf%22%3Bi%3A1%3Bs%3A32%3A%22QLOAWheNJ8NIgeYp6L5k9lyTs-hiBMDl%22%3B%7D; PHPSESSID=l9ii97bqvbml408la459104n01'
    'PATH' => 'C:\\Program Files (x86)\\NVIDIA Corporation\\PhysX\\Common;C:\\Program Files (x86)\\AMD APP\\bin\\x86_64;C:\\Program Files (x86)\\AMD APP\\bin\\x86;C:\\Program Files\\Common Files\\Microsoft Shared\\Windows Live;C:\\ProgramData\\Oracle\\Java\\javapath;C:\\Windows\\system32;C:\\Windows;C:\\Windows\\System32\\Wbem;C:\\Windows\\System32\\WindowsPowerShell\\v1.0\\;C:\\Program Files (x86)\\ATI Technologies\\ATI.ACE\\Core-Static;C:\\Program Files (x86)\\Common Files\\Autodesk Shared\\;C:\\Program Files (x86)\\Skype\\Phone\\;C:\\Program Files\\Git\\cmd;C:\\xampp\\php;C:\\ProgramData\\ComposerSetup\\bin;C:\\Ruby193\\bin;C:\\Program Files\\Common Files\\Microsoft Shared\\Windows Live'
    'SystemRoot' => 'C:\\Windows'
    'COMSPEC' => 'C:\\Windows\\system32\\cmd.exe'
    'PATHEXT' => '.COM;.EXE;.BAT;.CMD;.VBS;.VBE;.JS;.JSE;.WSF;.WSH;.MSC'
    'WINDIR' => 'C:\\Windows'
    'SERVER_SIGNATURE' => '<address>Apache/2.4.16 (Win32) OpenSSL/1.0.1p PHP/5.6.12 Server at localhost Port 80</address>
'
    'SERVER_SOFTWARE' => 'Apache/2.4.16 (Win32) OpenSSL/1.0.1p PHP/5.6.12'
    'SERVER_NAME' => 'localhost'
    'SERVER_ADDR' => '::1'
    'SERVER_PORT' => '80'
    'REMOTE_ADDR' => '::1'
    'DOCUMENT_ROOT' => 'C:/xampp/htdocs'
    'REQUEST_SCHEME' => 'http'
    'CONTEXT_PREFIX' => ''
    'CONTEXT_DOCUMENT_ROOT' => 'C:/xampp/htdocs'
    'SERVER_ADMIN' => 'postmaster@localhost'
    'SCRIPT_FILENAME' => 'C:/xampp/htdocs/grupo3php/api/index.php'
    'REMOTE_PORT' => '50535'
    'REDIRECT_URL' => '/grupo3php/api/v1/users'
    'GATEWAY_INTERFACE' => 'CGI/1.1'
    'SERVER_PROTOCOL' => 'HTTP/1.1'
    'REQUEST_METHOD' => 'GET'
    'QUERY_STRING' => ''
    'REQUEST_URI' => '/grupo3php/api/v1/users'
    'SCRIPT_NAME' => '/grupo3php/api/index.php'
    'PHP_SELF' => '/grupo3php/api/index.php'
    'REQUEST_TIME_FLOAT' => 1448812524.185
    'REQUEST_TIME' => 1448812524
]
